<?xml version="1.0" encoding="UTF-8"?>
<testsuite xmlns:xsi="http://www.w3.org/2001/XMLSchema-instance" xsi:noNamespaceSchemaLocation="https://maven.apache.org/surefire/maven-surefire-plugin/xsd/surefire-test-report.xsd" name="com.cg.studentcrud.Studentdetailscrud.StudentDetailsCrudApplicationTests" time="11.436" tests="3" errors="1" skipped="0" failures="0">
  <properties>
[...]
</properties>
  <testcase name="testGetStudentsDetails" classname="com.cg.studentcrud.Studentdetailscrud.StudentDetailsCrudApplicationTests" time="0.12"/>
  <testcase name="testSaveAndGetStudent" classname="com.cg.studentcrud.Studentdetailscrud.StudentDetailsCrudApplicationTests" time="0.047">
    <error message="Cannot invoke &quot;com.cg.studentcrud.Studentdetailscrud.model.Student.getId()&quot; because &quot;savedStudent&quot; is null" type="java.lang.NullPointerException">java.lang.NullPointerException: Cannot invoke "com.cg.studentcrud.Studentdetailscrud.model.Student.getId()" because "savedStudent" is null
	at com.cg.studentcrud.Studentdetailscrud.StudentDetailsCrudApplicationTests.testSaveAndGetStudent(StudentDetailsCrudApplicationTests.java:51)
</error>
    <system-out><![CDATA[2023-11-23 09:56:08.863  INFO 19440 --- [           main] c.c.s.S.service.StudentService           : Saving student: Student(id=123456, name=John Doe, age=25, salary=50000.0)
]]></system-out>
  </testcase>
  <testcase name="contextLoads" classname="com.cg.studentcrud.Studentdetailscrud.StudentDetailsCrudApplicationTests" time="0.008"/>
</testsuite>